Using pre-set license
Built from '2020.3/release' branch; Version is '2020.3.1f1 (77a89f25062f) revision 7841951'; Using compiler version '192528614'; Build Type 'Release'
OS: 'Windows 10 Pro; OS build 18363.1440; Version 1909; 64bit' Language: 'ko' Physical Memory: 16224 MB
BatchMode: 1, IsHumanControllingUs: 0, StartBugReporterOnCrash: 0, Is64bit: 1, IsPro: 0

 COMMAND LINE ARGUMENTS:
E:\2020.3.1f1\Editor\Unity.exe
-adb2
-batchMode
-noUpm
-name
AssetImportWorker0
-projectPath
E:/etcData/GE14/RunAndBuild
-logFile
Logs/AssetImportWorker0.log
-srvPort
55593
Successfully changed project path to: E:/etcData/GE14/RunAndBuild
E:/etcData/GE14/RunAndBuild
Using Asset Import Pipeline V2.
Refreshing native plugins compatible for Editor in 87.10 ms, found 0 plugins.
Preloading 0 native plugins for Editor in 0.00 ms.
Initialize engine version: 2020.3.1f1 (77a89f25062f)
[Subsystems] Discovering subsystems at path E:/2020.3.1f1/Editor/Data/Resources/UnitySubsystems
[Subsystems] Discovering subsystems at path E:/etcData/GE14/RunAndBuild/Assets
GfxDevice: creating device client; threaded=0
Direct3D:
    Version:  Direct3D 11.0 [level 11.1]
    Renderer: NVIDIA GeForce GTX 1660 Ti with Max-Q Design (ID=0x2191)
    Vendor:   
    VRAM:     5991 MB
    Driver:   27.21.14.6172
Initialize mono
Mono path[0] = 'E:/2020.3.1f1/Editor/Data/Managed'
Mono path[1] = 'E:/2020.3.1f1/Editor/Data/MonoBleedingEdge/lib/mono/unityjit'
Mono config path = 'E:/2020.3.1f1/Editor/Data/MonoBleedingEdge/etc'
Using monoOptions --debugger-agent=transport=dt_socket,embedding=1,server=y,suspend=n,address=127.0.0.1:56736
Begin MonoManager ReloadAssembly
Registering precompiled unity dll's ...
Register platform support module: E:/2020.3.1f1/Editor/Data/PlaybackEngines/WindowsStandaloneSupport/UnityEditor.WindowsStandalone.Extensions.dll
Registered in 0.000890 seconds.
Native extension for WindowsStandalone target not found
Refreshing native plugins compatible for Editor in 70.15 ms, found 0 plugins.
Preloading 0 native plugins for Editor in 0.00 ms.
Invoked RoslynAnalysisRunner static constructor.
RoslynAnalysisRunner will not be running.
RoslynAnalysisRunner has terminated.
Mono: successfully reloaded assembly
- Completed reload, in  1.046 seconds
Platform modules already initialized, skipping
Registering precompiled user dll's ...
Registered in 0.001817 seconds.
Begin MonoManager ReloadAssembly
Native extension for WindowsStandalone target not found
Refreshing native plugins compatible for Editor in 1.22 ms, found 0 plugins.
Preloading 0 native plugins for Editor in 0.00 ms.
Invoked RoslynAnalysisRunner static constructor.
RoslynAnalysisRunner will not be running.
RoslynAnalysisRunner has terminated.
Mono: successfully reloaded assembly
- Completed reload, in  0.810 seconds
Platform modules already initialized, skipping
========================================================================
Worker process is ready to serve import requests
Launched and connected shader compiler UnityShaderCompiler.exe after 0.07 seconds
Refreshing native plugins compatible for Editor in 0.71 ms, found 0 plugins.
Preloading 0 native plugins for Editor in 0.00 ms.
Unloading 1191 Unused Serialized files (Serialized files now loaded: 0)
System memory in use before: 77.6 MB.
System memory in use after: 77.6 MB.

Unloading 13 unused Assets to reduce memory usage. Loaded Objects now: 1652.
Total: 1.698500 ms (FindLiveObjects: 0.132700 ms CreateObjectMapping: 0.038100 ms MarkObjects: 1.445200 ms  DeleteObjects: 0.081800 ms)

========================================================================
Received Import Request.
  path: Assets/Low_Poly_Mini_Village/Art/Textures/Grass.png
  artifactKey: Guid(9489cbe966a2799439fc7daf9893d150) Importer(815301076,1909f56bfc062723c751e8b465ee728b)
Start importing Assets/Low_Poly_Mini_Village/Art/Textures/Grass.png using Guid(9489cbe966a2799439fc7daf9893d150) Importer(815301076,1909f56bfc062723c751e8b465ee728b)  -> (artifact id: '98ab0e548d7f52d094e726e8b2984116') in 0.132317 seconds
  Import took 0.134678 seconds .

========================================================================
Received Import Request.
  Time since last request: 0.000316 seconds.
  path: Assets/Low_Poly_Mini_Village/Art/Textures/Texture.png
  artifactKey: Guid(9be368a579962854abcf3f9624d06d1b) Importer(815301076,1909f56bfc062723c751e8b465ee728b)
Start importing Assets/Low_Poly_Mini_Village/Art/Textures/Texture.png using Guid(9be368a579962854abcf3f9624d06d1b) Importer(815301076,1909f56bfc062723c751e8b465ee728b)  -> (artifact id: '378dd340f274a0fda49c30ecee2928dd') in 0.006099 seconds
  Import took 0.008312 seconds .

========================================================================
Received Import Request.
  Time since last request: 0.000240 seconds.
  path: Assets/Low_Poly_Mini_Village/Art/Textures/Gnd.png
  artifactKey: Guid(d8732902c9f48d14ca1023bd189d0b19) Importer(815301076,1909f56bfc062723c751e8b465ee728b)
Start importing Assets/Low_Poly_Mini_Village/Art/Textures/Gnd.png using Guid(d8732902c9f48d14ca1023bd189d0b19) Importer(815301076,1909f56bfc062723c751e8b465ee728b)  -> (artifact id: 'd345063bc634132787c738bd691b5b45') in 0.017881 seconds
  Import took 0.020101 seconds .

AssetImportWorkerClient::OnTransportError - code=2 error=End of file
